[0.009s] Invoking command in '/home/ali/Desktop/Ali engineering/GUC/Semester 10/Robotics/Robotics_project/build/ur_description': CMAKE_PREFIX_PATH=${CMAKE_PREFIX_PATH}:/opt/ros/humble /usr/bin/cmake /home/ali/Desktop/Ali engineering/GUC/Semester 10/Robotics/Robotics_project/src/ur_description -DCMAKE_INSTALL_PREFIX=/home/ali/Desktop/Ali engineering/GUC/Semester 10/Robotics/Robotics_project/install/ur_description
[0.030s] -- Found ament_cmake: 1.3.12 (/opt/ros/humble/share/ament_cmake/cmake)
[0.226s] -- Override CMake install command with custom implementation using symlinks instead of copying resources
[0.236s] -- Found ament_cmake_pytest: 1.3.12 (/opt/ros/humble/share/ament_cmake_pytest/cmake)
[1.256s] -- Configuring done
[1.262s] -- Generating done
[1.269s] -- Build files have been written to: /home/ali/Desktop/Ali engineering/GUC/Semester 10/Robotics/Robotics_project/build/ur_description
[1.274s] Invoked command in '/home/ali/Desktop/Ali engineering/GUC/Semester 10/Robotics/Robotics_project/build/ur_description' returned '0': CMAKE_PREFIX_PATH=${CMAKE_PREFIX_PATH}:/opt/ros/humble /usr/bin/cmake /home/ali/Desktop/Ali engineering/GUC/Semester 10/Robotics/Robotics_project/src/ur_description -DCMAKE_INSTALL_PREFIX=/home/ali/Desktop/Ali engineering/GUC/Semester 10/Robotics/Robotics_project/install/ur_description
[1.275s] Invoking command in '/home/ali/Desktop/Ali engineering/GUC/Semester 10/Robotics/Robotics_project/build/ur_description': CMAKE_PREFIX_PATH=${CMAKE_PREFIX_PATH}:/opt/ros/humble /usr/bin/cmake --build /home/ali/Desktop/Ali engineering/GUC/Semester 10/Robotics/Robotics_project/build/ur_description -- -j12 -l12
[1.316s] Invoked command in '/home/ali/Desktop/Ali engineering/GUC/Semester 10/Robotics/Robotics_project/build/ur_description' returned '0': CMAKE_PREFIX_PATH=${CMAKE_PREFIX_PATH}:/opt/ros/humble /usr/bin/cmake --build /home/ali/Desktop/Ali engineering/GUC/Semester 10/Robotics/Robotics_project/build/ur_description -- -j12 -l12
[1.317s] Invoking command in '/home/ali/Desktop/Ali engineering/GUC/Semester 10/Robotics/Robotics_project/build/ur_description': CMAKE_PREFIX_PATH=${CMAKE_PREFIX_PATH}:/opt/ros/humble /usr/bin/cmake --install /home/ali/Desktop/Ali engineering/GUC/Semester 10/Robotics/Robotics_project/build/ur_description
[1.336s] -- Install configuration: ""
[1.337s] -- Execute custom install script
[1.340s] -- Up-to-date symlink: /home/ali/Desktop/Ali engineering/GUC/Semester 10/Robotics/Robotics_project/install/ur_description/share/ur_description/config/initial_positions.yaml
[1.340s] -- Up-to-date symlink: /home/ali/Desktop/Ali engineering/GUC/Semester 10/Robotics/Robotics_project/install/ur_description/share/ur_description/config/ur10/default_kinematics.yaml
[1.340s] -- Up-to-date symlink: /home/ali/Desktop/Ali engineering/GUC/Semester 10/Robotics/Robotics_project/install/ur_description/share/ur_description/config/ur10/joint_limits.yaml
[1.340s] -- Up-to-date symlink: /home/ali/Desktop/Ali engineering/GUC/Semester 10/Robotics/Robotics_project/install/ur_description/share/ur_description/config/ur10/physical_parameters.yaml
[1.340s] -- Up-to-date symlink: /home/ali/Desktop/Ali engineering/GUC/Semester 10/Robotics/Robotics_project/install/ur_description/share/ur_description/config/ur10/visual_parameters.yaml
[1.340s] -- Up-to-date symlink: /home/ali/Desktop/Ali engineering/GUC/Semester 10/Robotics/Robotics_project/install/ur_description/share/ur_description/config/ur10e/default_kinematics.yaml
[1.340s] -- Up-to-date symlink: /home/ali/Desktop/Ali engineering/GUC/Semester 10/Robotics/Robotics_project/install/ur_description/share/ur_description/config/ur10e/joint_limits.yaml
[1.340s] -- Up-to-date symlink: /home/ali/Desktop/Ali engineering/GUC/Semester 10/Robotics/Robotics_project/install/ur_description/share/ur_description/config/ur10e/physical_parameters.yaml
[1.340s] -- Up-to-date symlink: /home/ali/Desktop/Ali engineering/GUC/Semester 10/Robotics/Robotics_project/install/ur_description/share/ur_description/config/ur10e/visual_parameters.yaml
[1.341s] -- Up-to-date symlink: /home/ali/Desktop/Ali engineering/GUC/Semester 10/Robotics/Robotics_project/install/ur_description/share/ur_description/config/ur12e/default_kinematics.yaml
[1.341s] -- Up-to-date symlink: /home/ali/Desktop/Ali engineering/GUC/Semester 10/Robotics/Robotics_project/install/ur_description/share/ur_description/config/ur12e/joint_limits.yaml
[1.341s] -- Up-to-date symlink: /home/ali/Desktop/Ali engineering/GUC/Semester 10/Robotics/Robotics_project/install/ur_description/share/ur_description/config/ur12e/physical_parameters.yaml
[1.341s] -- Up-to-date symlink: /home/ali/Desktop/Ali engineering/GUC/Semester 10/Robotics/Robotics_project/install/ur_description/share/ur_description/config/ur12e/visual_parameters.yaml
[1.341s] -- Up-to-date symlink: /home/ali/Desktop/Ali engineering/GUC/Semester 10/Robotics/Robotics_project/install/ur_description/share/ur_description/config/ur15/default_kinematics.yaml
[1.345s] -- Up-to-date symlink: /home/ali/Desktop/Ali engineering/GUC/Semester 10/Robotics/Robotics_project/install/ur_description/share/ur_description/config/ur15/joint_limits.yaml
[1.345s] -- Up-to-date symlink: /home/ali/Desktop/Ali engineering/GUC/Semester 10/Robotics/Robotics_project/install/ur_description/share/ur_description/config/ur15/physical_parameters.yaml
[1.345s] -- Up-to-date symlink: /home/ali/Desktop/Ali engineering/GUC/Semester 10/Robotics/Robotics_project/install/ur_description/share/ur_description/config/ur15/visual_parameters.yaml
[1.346s] -- Up-to-date symlink: /home/ali/Desktop/Ali engineering/GUC/Semester 10/Robotics/Robotics_project/install/ur_description/share/ur_description/config/ur16e/default_kinematics.yaml
[1.346s] -- Up-to-date symlink: /home/ali/Desktop/Ali engineering/GUC/Semester 10/Robotics/Robotics_project/install/ur_description/share/ur_description/config/ur16e/joint_limits.yaml
[1.346s] -- Up-to-date symlink: /home/ali/Desktop/Ali engineering/GUC/Semester 10/Robotics/Robotics_project/install/ur_description/share/ur_description/config/ur16e/physical_parameters.yaml
[1.346s] -- Up-to-date symlink: /home/ali/Desktop/Ali engineering/GUC/Semester 10/Robotics/Robotics_project/install/ur_description/share/ur_description/config/ur16e/visual_parameters.yaml
[1.346s] -- Up-to-date symlink: /home/ali/Desktop/Ali engineering/GUC/Semester 10/Robotics/Robotics_project/install/ur_description/share/ur_description/config/ur20/default_kinematics.yaml
[1.346s] -- Up-to-date symlink: /home/ali/Desktop/Ali engineering/GUC/Semester 10/Robotics/Robotics_project/install/ur_description/share/ur_description/config/ur20/joint_limits.yaml
[1.347s] -- Up-to-date symlink: /home/ali/Desktop/Ali engineering/GUC/Semester 10/Robotics/Robotics_project/install/ur_description/share/ur_description/config/ur20/physical_parameters.yaml
[1.347s] -- Up-to-date symlink: /home/ali/Desktop/Ali engineering/GUC/Semester 10/Robotics/Robotics_project/install/ur_description/share/ur_description/config/ur20/visual_parameters.yaml
[1.347s] -- Up-to-date symlink: /home/ali/Desktop/Ali engineering/GUC/Semester 10/Robotics/Robotics_project/install/ur_description/share/ur_description/config/ur3/default_kinematics.yaml
[1.347s] -- Up-to-date symlink: /home/ali/Desktop/Ali engineering/GUC/Semester 10/Robotics/Robotics_project/install/ur_description/share/ur_description/config/ur3/joint_limits.yaml
[1.347s] -- Up-to-date symlink: /home/ali/Desktop/Ali engineering/GUC/Semester 10/Robotics/Robotics_project/install/ur_description/share/ur_description/config/ur3/physical_parameters.yaml
[1.347s] -- Up-to-date symlink: /home/ali/Desktop/Ali engineering/GUC/Semester 10/Robotics/Robotics_project/install/ur_description/share/ur_description/config/ur3/visual_parameters.yaml
[1.348s] -- Up-to-date symlink: /home/ali/Desktop/Ali engineering/GUC/Semester 10/Robotics/Robotics_project/install/ur_description/share/ur_description/config/ur30/default_kinematics.yaml
[1.348s] -- Up-to-date symlink: /home/ali/Desktop/Ali engineering/GUC/Semester 10/Robotics/Robotics_project/install/ur_description/share/ur_description/config/ur30/joint_limits.yaml
[1.348s] -- Up-to-date symlink: /home/ali/Desktop/Ali engineering/GUC/Semester 10/Robotics/Robotics_project/install/ur_description/share/ur_description/config/ur30/physical_parameters.yaml
[1.348s] -- Up-to-date symlink: /home/ali/Desktop/Ali engineering/GUC/Semester 10/Robotics/Robotics_project/install/ur_description/share/ur_description/config/ur30/visual_parameters.yaml
[1.348s] -- Up-to-date symlink: /home/ali/Desktop/Ali engineering/GUC/Semester 10/Robotics/Robotics_project/install/ur_description/share/ur_description/config/ur3e/default_kinematics.yaml
[1.348s] -- Up-to-date symlink: /home/ali/Desktop/Ali engineering/GUC/Semester 10/Robotics/Robotics_project/install/ur_description/share/ur_description/config/ur3e/joint_limits.yaml
[1.349s] -- Up-to-date symlink: /home/ali/Desktop/Ali engineering/GUC/Semester 10/Robotics/Robotics_project/install/ur_description/share/ur_description/config/ur3e/physical_parameters.yaml
[1.349s] -- Up-to-date symlink: /home/ali/Desktop/Ali engineering/GUC/Semester 10/Robotics/Robotics_project/install/ur_description/share/ur_description/config/ur3e/visual_parameters.yaml
[1.349s] -- Up-to-date symlink: /home/ali/Desktop/Ali engineering/GUC/Semester 10/Robotics/Robotics_project/install/ur_description/share/ur_description/config/ur5/default_kinematics.yaml
[1.349s] -- Up-to-date symlink: /home/ali/Desktop/Ali engineering/GUC/Semester 10/Robotics/Robotics_project/install/ur_description/share/ur_description/config/ur5/joint_limits.yaml
[1.349s] -- Up-to-date symlink: /home/ali/Desktop/Ali engineering/GUC/Semester 10/Robotics/Robotics_project/install/ur_description/share/ur_description/config/ur5/physical_parameters.yaml
[1.349s] -- Up-to-date symlink: /home/ali/Desktop/Ali engineering/GUC/Semester 10/Robotics/Robotics_project/install/ur_description/share/ur_description/config/ur5/visual_parameters.yaml
[1.350s] -- Up-to-date symlink: /home/ali/Desktop/Ali engineering/GUC/Semester 10/Robotics/Robotics_project/install/ur_description/share/ur_description/config/ur5e/default_kinematics.yaml
[1.354s] -- Up-to-date symlink: /home/ali/Desktop/Ali engineering/GUC/Semester 10/Robotics/Robotics_project/install/ur_description/share/ur_description/config/ur5e/joint_limits.yaml
[1.354s] -- Up-to-date symlink: /home/ali/Desktop/Ali engineering/GUC/Semester 10/Robotics/Robotics_project/install/ur_description/share/ur_description/config/ur5e/physical_parameters.yaml
[1.354s] -- Up-to-date symlink: /home/ali/Desktop/Ali engineering/GUC/Semester 10/Robotics/Robotics_project/install/ur_description/share/ur_description/config/ur5e/visual_parameters.yaml
[1.354s] -- Up-to-date symlink: /home/ali/Desktop/Ali engineering/GUC/Semester 10/Robotics/Robotics_project/install/ur_description/share/ur_description/config/ur7e/default_kinematics.yaml
[1.354s] -- Up-to-date symlink: /home/ali/Desktop/Ali engineering/GUC/Semester 10/Robotics/Robotics_project/install/ur_description/share/ur_description/config/ur7e/joint_limits.yaml
[1.355s] -- Up-to-date symlink: /home/ali/Desktop/Ali engineering/GUC/Semester 10/Robotics/Robotics_project/install/ur_description/share/ur_description/config/ur7e/physical_parameters.yaml
[1.355s] -- Up-to-date symlink: /home/ali/Desktop/Ali engineering/GUC/Semester 10/Robotics/Robotics_project/install/ur_description/share/ur_description/config/ur7e/visual_parameters.yaml
[1.355s] -- Up-to-date symlink: /home/ali/Desktop/Ali engineering/GUC/Semester 10/Robotics/Robotics_project/install/ur_description/share/ur_description/config/ur8long/default_kinematics.yaml
[1.355s] -- Up-to-date symlink: /home/ali/Desktop/Ali engineering/GUC/Semester 10/Robotics/Robotics_project/install/ur_description/share/ur_description/config/ur8long/joint_limits.yaml
[1.355s] -- Up-to-date symlink: /home/ali/Desktop/Ali engineering/GUC/Semester 10/Robotics/Robotics_project/install/ur_description/share/ur_description/config/ur8long/physical_parameters.yaml
[1.355s] -- Up-to-date symlink: /home/ali/Desktop/Ali engineering/GUC/Semester 10/Robotics/Robotics_project/install/ur_description/share/ur_description/config/ur8long/visual_parameters.yaml
[1.355s] -- Up-to-date symlink: /home/ali/Desktop/Ali engineering/GUC/Semester 10/Robotics/Robotics_project/install/ur_description/share/ur_description/launch/view_ur.launch.py
[1.355s] -- Up-to-date symlink: /home/ali/Desktop/Ali engineering/GUC/Semester 10/Robotics/Robotics_project/install/ur_description/share/ur_description/meshes/ur10/collision/base.stl
[1.356s] -- Up-to-date symlink: /home/ali/Desktop/Ali engineering/GUC/Semester 10/Robotics/Robotics_project/install/ur_description/share/ur_description/meshes/ur10/collision/forearm.stl
[1.356s] -- Up-to-date symlink: /home/ali/Desktop/Ali engineering/GUC/Semester 10/Robotics/Robotics_project/install/ur_description/share/ur_description/meshes/ur10/collision/shoulder.stl
[1.356s] -- Up-to-date symlink: /home/ali/Desktop/Ali engineering/GUC/Semester 10/Robotics/Robotics_project/install/ur_description/share/ur_description/meshes/ur10/collision/upperarm.stl
[1.356s] -- Up-to-date symlink: /home/ali/Desktop/Ali engineering/GUC/Semester 10/Robotics/Robotics_project/install/ur_description/share/ur_description/meshes/ur10/collision/wrist1.stl
[1.356s] -- Up-to-date symlink: /home/ali/Desktop/Ali engineering/GUC/Semester 10/Robotics/Robotics_project/install/ur_description/share/ur_description/meshes/ur10/collision/wrist2.stl
[1.356s] -- Up-to-date symlink: /home/ali/Desktop/Ali engineering/GUC/Semester 10/Robotics/Robotics_project/install/ur_description/share/ur_description/meshes/ur10/collision/wrist3.stl
[1.357s] -- Up-to-date symlink: /home/ali/Desktop/Ali engineering/GUC/Semester 10/Robotics/Robotics_project/install/ur_description/share/ur_description/meshes/ur10/visual/base.dae
[1.357s] -- Up-to-date symlink: /home/ali/Desktop/Ali engineering/GUC/Semester 10/Robotics/Robotics_project/install/ur_description/share/ur_description/meshes/ur10/visual/forearm.dae
[1.357s] -- Up-to-date symlink: /home/ali/Desktop/Ali engineering/GUC/Semester 10/Robotics/Robotics_project/install/ur_description/share/ur_description/meshes/ur10/visual/shoulder.dae
[1.357s] -- Up-to-date symlink: /home/ali/Desktop/Ali engineering/GUC/Semester 10/Robotics/Robotics_project/install/ur_description/share/ur_description/meshes/ur10/visual/upperarm.dae
[1.357s] -- Up-to-date symlink: /home/ali/Desktop/Ali engineering/GUC/Semester 10/Robotics/Robotics_project/install/ur_description/share/ur_description/meshes/ur10/visual/wrist1.dae
[1.357s] -- Up-to-date symlink: /home/ali/Desktop/Ali engineering/GUC/Semester 10/Robotics/Robotics_project/install/ur_description/share/ur_description/meshes/ur10/visual/wrist2.dae
[1.357s] -- Up-to-date symlink: /home/ali/Desktop/Ali engineering/GUC/Semester 10/Robotics/Robotics_project/install/ur_description/share/ur_description/meshes/ur10/visual/wrist3.dae
[1.358s] -- Up-to-date symlink: /home/ali/Desktop/Ali engineering/GUC/Semester 10/Robotics/Robotics_project/install/ur_description/share/ur_description/meshes/ur10e/collision/base.stl
[1.358s] -- Up-to-date symlink: /home/ali/Desktop/Ali engineering/GUC/Semester 10/Robotics/Robotics_project/install/ur_description/share/ur_description/meshes/ur10e/collision/forearm.stl
[1.358s] -- Up-to-date symlink: /home/ali/Desktop/Ali engineering/GUC/Semester 10/Robotics/Robotics_project/install/ur_description/share/ur_description/meshes/ur10e/collision/shoulder.stl
[1.358s] -- Up-to-date symlink: /home/ali/Desktop/Ali engineering/GUC/Semester 10/Robotics/Robotics_project/install/ur_description/share/ur_description/meshes/ur10e/collision/upperarm.stl
[1.358s] -- Up-to-date symlink: /home/ali/Desktop/Ali engineering/GUC/Semester 10/Robotics/Robotics_project/install/ur_description/share/ur_description/meshes/ur10e/collision/wrist1.stl
[1.358s] -- Up-to-date symlink: /home/ali/Desktop/Ali engineering/GUC/Semester 10/Robotics/Robotics_project/install/ur_description/share/ur_description/meshes/ur10e/collision/wrist2.stl
[1.358s] -- Up-to-date symlink: /home/ali/Desktop/Ali engineering/GUC/Semester 10/Robotics/Robotics_project/install/ur_description/share/ur_description/meshes/ur10e/collision/wrist3.stl
[1.359s] -- Up-to-date symlink: /home/ali/Desktop/Ali engineering/GUC/Semester 10/Robotics/Robotics_project/install/ur_description/share/ur_description/meshes/ur10e/visual/base.dae
[1.359s] -- Up-to-date symlink: /home/ali/Desktop/Ali engineering/GUC/Semester 10/Robotics/Robotics_project/install/ur_description/share/ur_description/meshes/ur10e/visual/forearm.dae
[1.359s] -- Up-to-date symlink: /home/ali/Desktop/Ali engineering/GUC/Semester 10/Robotics/Robotics_project/install/ur_description/share/ur_description/meshes/ur10e/visual/shoulder.dae
[1.359s] -- Up-to-date symlink: /home/ali/Desktop/Ali engineering/GUC/Semester 10/Robotics/Robotics_project/install/ur_description/share/ur_description/meshes/ur10e/visual/upperarm.dae
[1.359s] -- Up-to-date symlink: /home/ali/Desktop/Ali engineering/GUC/Semester 10/Robotics/Robotics_project/install/ur_description/share/ur_description/meshes/ur10e/visual/wrist1.dae
[1.359s] -- Up-to-date symlink: /home/ali/Desktop/Ali engineering/GUC/Semester 10/Robotics/Robotics_project/install/ur_description/share/ur_description/meshes/ur10e/visual/wrist2.dae
[1.360s] -- Up-to-date symlink: /home/ali/Desktop/Ali engineering/GUC/Semester 10/Robotics/Robotics_project/install/ur_description/share/ur_description/meshes/ur10e/visual/wrist3.dae
[1.360s] -- Up-to-date symlink: /home/ali/Desktop/Ali engineering/GUC/Semester 10/Robotics/Robotics_project/install/ur_description/share/ur_description/meshes/ur15/LICENSE.txt
[1.360s] -- Up-to-date symlink: /home/ali/Desktop/Ali engineering/GUC/Semester 10/Robotics/Robotics_project/install/ur_description/share/ur_description/meshes/ur15/collision/base.stl
[1.360s] -- Up-to-date symlink: /home/ali/Desktop/Ali engineering/GUC/Semester 10/Robotics/Robotics_project/install/ur_description/share/ur_description/meshes/ur15/collision/forearm.stl
[1.360s] -- Up-to-date symlink: /home/ali/Desktop/Ali engineering/GUC/Semester 10/Robotics/Robotics_project/install/ur_description/share/ur_description/meshes/ur15/collision/shoulder.stl
[1.361s] -- Up-to-date symlink: /home/ali/Desktop/Ali engineering/GUC/Semester 10/Robotics/Robotics_project/install/ur_description/share/ur_description/meshes/ur15/collision/upperarm.stl
[1.361s] -- Up-to-date symlink: /home/ali/Desktop/Ali engineering/GUC/Semester 10/Robotics/Robotics_project/install/ur_description/share/ur_description/meshes/ur15/collision/wrist1.stl
[1.361s] -- Up-to-date symlink: /home/ali/Desktop/Ali engineering/GUC/Semester 10/Robotics/Robotics_project/install/ur_description/share/ur_description/meshes/ur15/collision/wrist2.stl
[1.361s] -- Up-to-date symlink: /home/ali/Desktop/Ali engineering/GUC/Semester 10/Robotics/Robotics_project/install/ur_description/share/ur_description/meshes/ur15/collision/wrist3.stl
[1.361s] -- Up-to-date symlink: /home/ali/Desktop/Ali engineering/GUC/Semester 10/Robotics/Robotics_project/install/ur_description/share/ur_description/meshes/ur15/visual/UR15_DIFF_8bit_2K.jpg
[1.362s] -- Up-to-date symlink: /home/ali/Desktop/Ali engineering/GUC/Semester 10/Robotics/Robotics_project/install/ur_description/share/ur_description/meshes/ur15/visual/base.dae
[1.362s] -- Up-to-date symlink: /home/ali/Desktop/Ali engineering/GUC/Semester 10/Robotics/Robotics_project/install/ur_description/share/ur_description/meshes/ur15/visual/forearm.dae
[1.362s] -- Up-to-date symlink: /home/ali/Desktop/Ali engineering/GUC/Semester 10/Robotics/Robotics_project/install/ur_description/share/ur_description/meshes/ur15/visual/shoulder.dae
[1.362s] -- Up-to-date symlink: /home/ali/Desktop/Ali engineering/GUC/Semester 10/Robotics/Robotics_project/install/ur_description/share/ur_description/meshes/ur15/visual/upperarm.dae
[1.363s] -- Up-to-date symlink: /home/ali/Desktop/Ali engineering/GUC/Semester 10/Robotics/Robotics_project/install/ur_description/share/ur_description/meshes/ur15/visual/wrist1.dae
[1.366s] -- Up-to-date symlink: /home/ali/Desktop/Ali engineering/GUC/Semester 10/Robotics/Robotics_project/install/ur_description/share/ur_description/meshes/ur15/visual/wrist2.dae
[1.367s] -- Up-to-date symlink: /home/ali/Desktop/Ali engineering/GUC/Semester 10/Robotics/Robotics_project/install/ur_description/share/ur_description/meshes/ur15/visual/wrist3.dae
[1.367s] -- Up-to-date symlink: /home/ali/Desktop/Ali engineering/GUC/Semester 10/Robotics/Robotics_project/install/ur_description/share/ur_description/meshes/ur16e/collision/forearm.stl
[1.367s] -- Up-to-date symlink: /home/ali/Desktop/Ali engineering/GUC/Semester 10/Robotics/Robotics_project/install/ur_description/share/ur_description/meshes/ur16e/collision/upperarm.stl
[1.367s] -- Up-to-date symlink: /home/ali/Desktop/Ali engineering/GUC/Semester 10/Robotics/Robotics_project/install/ur_description/share/ur_description/meshes/ur16e/visual/forearm.dae
[1.367s] -- Up-to-date symlink: /home/ali/Desktop/Ali engineering/GUC/Semester 10/Robotics/Robotics_project/install/ur_description/share/ur_description/meshes/ur16e/visual/upperarm.dae
[1.367s] -- Up-to-date symlink: /home/ali/Desktop/Ali engineering/GUC/Semester 10/Robotics/Robotics_project/install/ur_description/share/ur_description/meshes/ur20/LICENSE.txt
[1.368s] -- Up-to-date symlink: /home/ali/Desktop/Ali engineering/GUC/Semester 10/Robotics/Robotics_project/install/ur_description/share/ur_description/meshes/ur20/collision/base.stl
[1.368s] -- Up-to-date symlink: /home/ali/Desktop/Ali engineering/GUC/Semester 10/Robotics/Robotics_project/install/ur_description/share/ur_description/meshes/ur20/collision/forearm.stl
[1.368s] -- Up-to-date symlink: /home/ali/Desktop/Ali engineering/GUC/Semester 10/Robotics/Robotics_project/install/ur_description/share/ur_description/meshes/ur20/collision/shoulder.stl
[1.368s] -- Up-to-date symlink: /home/ali/Desktop/Ali engineering/GUC/Semester 10/Robotics/Robotics_project/install/ur_description/share/ur_description/meshes/ur20/collision/upperarm.stl
[1.368s] -- Up-to-date symlink: /home/ali/Desktop/Ali engineering/GUC/Semester 10/Robotics/Robotics_project/install/ur_description/share/ur_description/meshes/ur20/collision/wrist1.stl
[1.368s] -- Up-to-date symlink: /home/ali/Desktop/Ali engineering/GUC/Semester 10/Robotics/Robotics_project/install/ur_description/share/ur_description/meshes/ur20/collision/wrist2.stl
[1.368s] -- Up-to-date symlink: /home/ali/Desktop/Ali engineering/GUC/Semester 10/Robotics/Robotics_project/install/ur_description/share/ur_description/meshes/ur20/collision/wrist3.stl
[1.368s] -- Up-to-date symlink: /home/ali/Desktop/Ali engineering/GUC/Semester 10/Robotics/Robotics_project/install/ur_description/share/ur_description/meshes/ur20/visual/UR20_DIFF_8bit_2K.png
[1.368s] -- Up-to-date symlink: /home/ali/Desktop/Ali engineering/GUC/Semester 10/Robotics/Robotics_project/install/ur_description/share/ur_description/meshes/ur20/visual/base.dae
[1.368s] -- Up-to-date symlink: /home/ali/Desktop/Ali engineering/GUC/Semester 10/Robotics/Robotics_project/install/ur_description/share/ur_description/meshes/ur20/visual/forearm.dae
[1.369s] -- Up-to-date symlink: /home/ali/Desktop/Ali engineering/GUC/Semester 10/Robotics/Robotics_project/install/ur_description/share/ur_description/meshes/ur20/visual/shoulder.dae
[1.369s] -- Up-to-date symlink: /home/ali/Desktop/Ali engineering/GUC/Semester 10/Robotics/Robotics_project/install/ur_description/share/ur_description/meshes/ur20/visual/upperarm.dae
[1.369s] -- Up-to-date symlink: /home/ali/Desktop/Ali engineering/GUC/Semester 10/Robotics/Robotics_project/install/ur_description/share/ur_description/meshes/ur20/visual/wrist1.dae
[1.369s] -- Up-to-date symlink: /home/ali/Desktop/Ali engineering/GUC/Semester 10/Robotics/Robotics_project/install/ur_description/share/ur_description/meshes/ur20/visual/wrist2.dae
[1.369s] -- Up-to-date symlink: /home/ali/Desktop/Ali engineering/GUC/Semester 10/Robotics/Robotics_project/install/ur_description/share/ur_description/meshes/ur20/visual/wrist3.dae
[1.369s] -- Up-to-date symlink: /home/ali/Desktop/Ali engineering/GUC/Semester 10/Robotics/Robotics_project/install/ur_description/share/ur_description/meshes/ur3/collision/base.stl
[1.369s] -- Up-to-date symlink: /home/ali/Desktop/Ali engineering/GUC/Semester 10/Robotics/Robotics_project/install/ur_description/share/ur_description/meshes/ur3/collision/forearm.stl
[1.369s] -- Up-to-date symlink: /home/ali/Desktop/Ali engineering/GUC/Semester 10/Robotics/Robotics_project/install/ur_description/share/ur_description/meshes/ur3/collision/shoulder.stl
[1.369s] -- Up-to-date symlink: /home/ali/Desktop/Ali engineering/GUC/Semester 10/Robotics/Robotics_project/install/ur_description/share/ur_description/meshes/ur3/collision/upperarm.stl
[1.370s] -- Up-to-date symlink: /home/ali/Desktop/Ali engineering/GUC/Semester 10/Robotics/Robotics_project/install/ur_description/share/ur_description/meshes/ur3/collision/wrist1.stl
[1.370s] -- Up-to-date symlink: /home/ali/Desktop/Ali engineering/GUC/Semester 10/Robotics/Robotics_project/install/ur_description/share/ur_description/meshes/ur3/collision/wrist2.stl
[1.371s] -- Up-to-date symlink: /home/ali/Desktop/Ali engineering/GUC/Semester 10/Robotics/Robotics_project/install/ur_description/share/ur_description/meshes/ur3/collision/wrist3.stl
[1.371s] -- Up-to-date symlink: /home/ali/Desktop/Ali engineering/GUC/Semester 10/Robotics/Robotics_project/install/ur_description/share/ur_description/meshes/ur3/visual/base.dae
[1.371s] -- Up-to-date symlink: /home/ali/Desktop/Ali engineering/GUC/Semester 10/Robotics/Robotics_project/install/ur_description/share/ur_description/meshes/ur3/visual/forearm.dae
[1.371s] -- Up-to-date symlink: /home/ali/Desktop/Ali engineering/GUC/Semester 10/Robotics/Robotics_project/install/ur_description/share/ur_description/meshes/ur3/visual/shoulder.dae
[1.372s] -- Up-to-date symlink: /home/ali/Desktop/Ali engineering/GUC/Semester 10/Robotics/Robotics_project/install/ur_description/share/ur_description/meshes/ur3/visual/upperarm.dae
[1.372s] -- Up-to-date symlink: /home/ali/Desktop/Ali engineering/GUC/Semester 10/Robotics/Robotics_project/install/ur_description/share/ur_description/meshes/ur3/visual/wrist1.dae
[1.372s] -- Up-to-date symlink: /home/ali/Desktop/Ali engineering/GUC/Semester 10/Robotics/Robotics_project/install/ur_description/share/ur_description/meshes/ur3/visual/wrist2.dae
[1.372s] -- Up-to-date symlink: /home/ali/Desktop/Ali engineering/GUC/Semester 10/Robotics/Robotics_project/install/ur_description/share/ur_description/meshes/ur3/visual/wrist3.dae
[1.372s] -- Up-to-date symlink: /home/ali/Desktop/Ali engineering/GUC/Semester 10/Robotics/Robotics_project/install/ur_description/share/ur_description/meshes/ur30/LICENSE.txt
[1.372s] -- Up-to-date symlink: /home/ali/Desktop/Ali engineering/GUC/Semester 10/Robotics/Robotics_project/install/ur_description/share/ur_description/meshes/ur30/collision/forearm.stl
[1.372s] -- Up-to-date symlink: /home/ali/Desktop/Ali engineering/GUC/Semester 10/Robotics/Robotics_project/install/ur_description/share/ur_description/meshes/ur30/collision/upperarm.stl
[1.372s] -- Up-to-date symlink: /home/ali/Desktop/Ali engineering/GUC/Semester 10/Robotics/Robotics_project/install/ur_description/share/ur_description/meshes/ur30/visual/UR30_DIFF_8bit_2K.png
[1.372s] -- Up-to-date symlink: /home/ali/Desktop/Ali engineering/GUC/Semester 10/Robotics/Robotics_project/install/ur_description/share/ur_description/meshes/ur30/visual/forearm.dae
[1.372s] -- Up-to-date symlink: /home/ali/Desktop/Ali engineering/GUC/Semester 10/Robotics/Robotics_project/install/ur_description/share/ur_description/meshes/ur30/visual/upperarm.dae
[1.372s] -- Up-to-date symlink: /home/ali/Desktop/Ali engineering/GUC/Semester 10/Robotics/Robotics_project/install/ur_description/share/ur_description/meshes/ur3e/collision/base.stl
[1.373s] -- Up-to-date symlink: /home/ali/Desktop/Ali engineering/GUC/Semester 10/Robotics/Robotics_project/install/ur_description/share/ur_description/meshes/ur3e/collision/forearm.stl
[1.373s] -- Up-to-date symlink: /home/ali/Desktop/Ali engineering/GUC/Semester 10/Robotics/Robotics_project/install/ur_description/share/ur_description/meshes/ur3e/collision/shoulder.stl
[1.373s] -- Up-to-date symlink: /home/ali/Desktop/Ali engineering/GUC/Semester 10/Robotics/Robotics_project/install/ur_description/share/ur_description/meshes/ur3e/collision/upperarm.stl
[1.373s] -- Up-to-date symlink: /home/ali/Desktop/Ali engineering/GUC/Semester 10/Robotics/Robotics_project/install/ur_description/share/ur_description/meshes/ur3e/collision/wrist1.stl
[1.373s] -- Up-to-date symlink: /home/ali/Desktop/Ali engineering/GUC/Semester 10/Robotics/Robotics_project/install/ur_description/share/ur_description/meshes/ur3e/collision/wrist2.stl
[1.373s] -- Up-to-date symlink: /home/ali/Desktop/Ali engineering/GUC/Semester 10/Robotics/Robotics_project/install/ur_description/share/ur_description/meshes/ur3e/collision/wrist3.stl
[1.376s] -- Up-to-date symlink: /home/ali/Desktop/Ali engineering/GUC/Semester 10/Robotics/Robotics_project/install/ur_description/share/ur_description/meshes/ur3e/visual/base.dae
[1.376s] -- Up-to-date symlink: /home/ali/Desktop/Ali engineering/GUC/Semester 10/Robotics/Robotics_project/install/ur_description/share/ur_description/meshes/ur3e/visual/forearm.dae
[1.376s] -- Up-to-date symlink: /home/ali/Desktop/Ali engineering/GUC/Semester 10/Robotics/Robotics_project/install/ur_description/share/ur_description/meshes/ur3e/visual/shoulder.dae
[1.376s] -- Up-to-date symlink: /home/ali/Desktop/Ali engineering/GUC/Semester 10/Robotics/Robotics_project/install/ur_description/share/ur_description/meshes/ur3e/visual/upperarm.dae
[1.376s] -- Up-to-date symlink: /home/ali/Desktop/Ali engineering/GUC/Semester 10/Robotics/Robotics_project/install/ur_description/share/ur_description/meshes/ur3e/visual/wrist1.dae
[1.376s] -- Up-to-date symlink: /home/ali/Desktop/Ali engineering/GUC/Semester 10/Robotics/Robotics_project/install/ur_description/share/ur_description/meshes/ur3e/visual/wrist2.dae
[1.377s] -- Up-to-date symlink: /home/ali/Desktop/Ali engineering/GUC/Semester 10/Robotics/Robotics_project/install/ur_description/share/ur_description/meshes/ur3e/visual/wrist3.dae
[1.377s] -- Up-to-date symlink: /home/ali/Desktop/Ali engineering/GUC/Semester 10/Robotics/Robotics_project/install/ur_description/share/ur_description/meshes/ur5/collision/base.stl
[1.377s] -- Up-to-date symlink: /home/ali/Desktop/Ali engineering/GUC/Semester 10/Robotics/Robotics_project/install/ur_description/share/ur_description/meshes/ur5/collision/forearm.stl
[1.377s] -- Up-to-date symlink: /home/ali/Desktop/Ali engineering/GUC/Semester 10/Robotics/Robotics_project/install/ur_description/share/ur_description/meshes/ur5/collision/shoulder.stl
[1.377s] -- Up-to-date symlink: /home/ali/Desktop/Ali engineering/GUC/Semester 10/Robotics/Robotics_project/install/ur_description/share/ur_description/meshes/ur5/collision/upperarm.stl
[1.377s] -- Up-to-date symlink: /home/ali/Desktop/Ali engineering/GUC/Semester 10/Robotics/Robotics_project/install/ur_description/share/ur_description/meshes/ur5/collision/wrist1.stl
[1.377s] -- Up-to-date symlink: /home/ali/Desktop/Ali engineering/GUC/Semester 10/Robotics/Robotics_project/install/ur_description/share/ur_description/meshes/ur5/collision/wrist2.stl
[1.377s] -- Up-to-date symlink: /home/ali/Desktop/Ali engineering/GUC/Semester 10/Robotics/Robotics_project/install/ur_description/share/ur_description/meshes/ur5/collision/wrist3.stl
[1.377s] -- Up-to-date symlink: /home/ali/Desktop/Ali engineering/GUC/Semester 10/Robotics/Robotics_project/install/ur_description/share/ur_description/meshes/ur5/visual/base.dae
[1.377s] -- Up-to-date symlink: /home/ali/Desktop/Ali engineering/GUC/Semester 10/Robotics/Robotics_project/install/ur_description/share/ur_description/meshes/ur5/visual/forearm.dae
[1.378s] -- Up-to-date symlink: /home/ali/Desktop/Ali engineering/GUC/Semester 10/Robotics/Robotics_project/install/ur_description/share/ur_description/meshes/ur5/visual/shoulder.dae
[1.378s] -- Up-to-date symlink: /home/ali/Desktop/Ali engineering/GUC/Semester 10/Robotics/Robotics_project/install/ur_description/share/ur_description/meshes/ur5/visual/upperarm.dae
[1.378s] -- Up-to-date symlink: /home/ali/Desktop/Ali engineering/GUC/Semester 10/Robotics/Robotics_project/install/ur_description/share/ur_description/meshes/ur5/visual/wrist1.dae
[1.378s] -- Up-to-date symlink: /home/ali/Desktop/Ali engineering/GUC/Semester 10/Robotics/Robotics_project/install/ur_description/share/ur_description/meshes/ur5/visual/wrist2.dae
[1.378s] -- Up-to-date symlink: /home/ali/Desktop/Ali engineering/GUC/Semester 10/Robotics/Robotics_project/install/ur_description/share/ur_description/meshes/ur5/visual/wrist3.dae
[1.378s] -- Up-to-date symlink: /home/ali/Desktop/Ali engineering/GUC/Semester 10/Robotics/Robotics_project/install/ur_description/share/ur_description/meshes/ur5e/collision/base.stl
[1.378s] -- Up-to-date symlink: /home/ali/Desktop/Ali engineering/GUC/Semester 10/Robotics/Robotics_project/install/ur_description/share/ur_description/meshes/ur5e/collision/forearm.stl
[1.378s] -- Up-to-date symlink: /home/ali/Desktop/Ali engineering/GUC/Semester 10/Robotics/Robotics_project/install/ur_description/share/ur_description/meshes/ur5e/collision/shoulder.stl
[1.378s] -- Up-to-date symlink: /home/ali/Desktop/Ali engineering/GUC/Semester 10/Robotics/Robotics_project/install/ur_description/share/ur_description/meshes/ur5e/collision/upperarm.stl
[1.378s] -- Up-to-date symlink: /home/ali/Desktop/Ali engineering/GUC/Semester 10/Robotics/Robotics_project/install/ur_description/share/ur_description/meshes/ur5e/collision/wrist1.stl
[1.379s] -- Up-to-date symlink: /home/ali/Desktop/Ali engineering/GUC/Semester 10/Robotics/Robotics_project/install/ur_description/share/ur_description/meshes/ur5e/collision/wrist2.stl
[1.379s] -- Up-to-date symlink: /home/ali/Desktop/Ali engineering/GUC/Semester 10/Robotics/Robotics_project/install/ur_description/share/ur_description/meshes/ur5e/collision/wrist3.stl
[1.379s] -- Up-to-date symlink: /home/ali/Desktop/Ali engineering/GUC/Semester 10/Robotics/Robotics_project/install/ur_description/share/ur_description/meshes/ur5e/visual/base.dae
[1.379s] -- Up-to-date symlink: /home/ali/Desktop/Ali engineering/GUC/Semester 10/Robotics/Robotics_project/install/ur_description/share/ur_description/meshes/ur5e/visual/forearm.dae
[1.379s] -- Up-to-date symlink: /home/ali/Desktop/Ali engineering/GUC/Semester 10/Robotics/Robotics_project/install/ur_description/share/ur_description/meshes/ur5e/visual/shoulder.dae
[1.379s] -- Up-to-date symlink: /home/ali/Desktop/Ali engineering/GUC/Semester 10/Robotics/Robotics_project/install/ur_description/share/ur_description/meshes/ur5e/visual/upperarm.dae
[1.379s] -- Up-to-date symlink: /home/ali/Desktop/Ali engineering/GUC/Semester 10/Robotics/Robotics_project/install/ur_description/share/ur_description/meshes/ur5e/visual/wrist1.dae
[1.379s] -- Up-to-date symlink: /home/ali/Desktop/Ali engineering/GUC/Semester 10/Robotics/Robotics_project/install/ur_description/share/ur_description/meshes/ur5e/visual/wrist2.dae
[1.379s] -- Up-to-date symlink: /home/ali/Desktop/Ali engineering/GUC/Semester 10/Robotics/Robotics_project/install/ur_description/share/ur_description/meshes/ur5e/visual/wrist3.dae
[1.379s] -- Up-to-date symlink: /home/ali/Desktop/Ali engineering/GUC/Semester 10/Robotics/Robotics_project/install/ur_description/share/ur_description/meshes/ur8long/LICENSE.txt
[1.383s] -- Up-to-date symlink: /home/ali/Desktop/Ali engineering/GUC/Semester 10/Robotics/Robotics_project/install/ur_description/share/ur_description/meshes/ur8long/collision/forearm.stl
[1.383s] -- Up-to-date symlink: /home/ali/Desktop/Ali engineering/GUC/Semester 10/Robotics/Robotics_project/install/ur_description/share/ur_description/meshes/ur8long/collision/upperarm.stl
[1.383s] -- Up-to-date symlink: /home/ali/Desktop/Ali engineering/GUC/Semester 10/Robotics/Robotics_project/install/ur_description/share/ur_description/meshes/ur8long/visual/UR8Long_DIFF_8bit_2K.jpg
[1.383s] -- Up-to-date symlink: /home/ali/Desktop/Ali engineering/GUC/Semester 10/Robotics/Robotics_project/install/ur_description/share/ur_description/meshes/ur8long/visual/forearm.dae
[1.383s] -- Up-to-date symlink: /home/ali/Desktop/Ali engineering/GUC/Semester 10/Robotics/Robotics_project/install/ur_description/share/ur_description/meshes/ur8long/visual/upperarm.dae
[1.383s] -- Up-to-date symlink: /home/ali/Desktop/Ali engineering/GUC/Semester 10/Robotics/Robotics_project/install/ur_description/share/ur_description/rviz/view_robot.rviz
[1.383s] -- Up-to-date symlink: /home/ali/Desktop/Ali engineering/GUC/Semester 10/Robotics/Robotics_project/install/ur_description/share/ur_description/urdf/inc/ur_common.xacro
[1.383s] -- Up-to-date symlink: /home/ali/Desktop/Ali engineering/GUC/Semester 10/Robotics/Robotics_project/install/ur_description/share/ur_description/urdf/inc/ur_transmissions.xacro
[1.383s] -- Up-to-date symlink: /home/ali/Desktop/Ali engineering/GUC/Semester 10/Robotics/Robotics_project/install/ur_description/share/ur_description/urdf/ur.ros2_control.xacro
[1.383s] -- Up-to-date symlink: /home/ali/Desktop/Ali engineering/GUC/Semester 10/Robotics/Robotics_project/install/ur_description/share/ur_description/urdf/ur.urdf.xacro
[1.384s] -- Up-to-date symlink: /home/ali/Desktop/Ali engineering/GUC/Semester 10/Robotics/Robotics_project/install/ur_description/share/ur_description/urdf/ur_macro.xacro
[1.384s] -- Up-to-date symlink: /home/ali/Desktop/Ali engineering/GUC/Semester 10/Robotics/Robotics_project/install/ur_description/share/ur_description/test/test_ur_urdf_xacro.py
[1.384s] -- Up-to-date symlink: /home/ali/Desktop/Ali engineering/GUC/Semester 10/Robotics/Robotics_project/install/ur_description/share/ur_description/test/test_view_ur_launch.py
[1.384s] -- Up-to-date symlink: /home/ali/Desktop/Ali engineering/GUC/Semester 10/Robotics/Robotics_project/install/ur_description/share/ament_index/resource_index/package_run_dependencies/ur_description
[1.384s] -- Up-to-date symlink: /home/ali/Desktop/Ali engineering/GUC/Semester 10/Robotics/Robotics_project/install/ur_description/share/ament_index/resource_index/parent_prefix_path/ur_description
[1.384s] -- Up-to-date symlink: /home/ali/Desktop/Ali engineering/GUC/Semester 10/Robotics/Robotics_project/install/ur_description/share/ur_description/environment/ament_prefix_path.sh
[1.384s] -- Up-to-date symlink: /home/ali/Desktop/Ali engineering/GUC/Semester 10/Robotics/Robotics_project/install/ur_description/share/ur_description/environment/ament_prefix_path.dsv
[1.384s] -- Up-to-date symlink: /home/ali/Desktop/Ali engineering/GUC/Semester 10/Robotics/Robotics_project/install/ur_description/share/ur_description/environment/path.sh
[1.384s] -- Up-to-date symlink: /home/ali/Desktop/Ali engineering/GUC/Semester 10/Robotics/Robotics_project/install/ur_description/share/ur_description/environment/path.dsv
[1.384s] -- Up-to-date symlink: /home/ali/Desktop/Ali engineering/GUC/Semester 10/Robotics/Robotics_project/install/ur_description/share/ur_description/local_setup.bash
[1.384s] -- Up-to-date symlink: /home/ali/Desktop/Ali engineering/GUC/Semester 10/Robotics/Robotics_project/install/ur_description/share/ur_description/local_setup.sh
[1.384s] -- Up-to-date symlink: /home/ali/Desktop/Ali engineering/GUC/Semester 10/Robotics/Robotics_project/install/ur_description/share/ur_description/local_setup.zsh
[1.384s] -- Up-to-date symlink: /home/ali/Desktop/Ali engineering/GUC/Semester 10/Robotics/Robotics_project/install/ur_description/share/ur_description/local_setup.dsv
[1.384s] -- Symlinking: /home/ali/Desktop/Ali engineering/GUC/Semester 10/Robotics/Robotics_project/install/ur_description/share/ur_description/package.dsv
[1.392s] -- Up-to-date symlink: /home/ali/Desktop/Ali engineering/GUC/Semester 10/Robotics/Robotics_project/install/ur_description/share/ament_index/resource_index/packages/ur_description
[1.392s] -- Up-to-date symlink: /home/ali/Desktop/Ali engineering/GUC/Semester 10/Robotics/Robotics_project/install/ur_description/share/ur_description/cmake/ur_descriptionConfig.cmake
[1.392s] -- Up-to-date symlink: /home/ali/Desktop/Ali engineering/GUC/Semester 10/Robotics/Robotics_project/install/ur_description/share/ur_description/cmake/ur_descriptionConfig-version.cmake
[1.392s] -- Up-to-date symlink: /home/ali/Desktop/Ali engineering/GUC/Semester 10/Robotics/Robotics_project/install/ur_description/share/ur_description/package.xml
[1.398s] Invoked command in '/home/ali/Desktop/Ali engineering/GUC/Semester 10/Robotics/Robotics_project/build/ur_description' returned '0': CMAKE_PREFIX_PATH=${CMAKE_PREFIX_PATH}:/opt/ros/humble /usr/bin/cmake --install /home/ali/Desktop/Ali engineering/GUC/Semester 10/Robotics/Robotics_project/build/ur_description
