[0.010s] Invoking command in '/home/ali/Desktop/Ali engineering/GUC/Semester 10/Robotics/Robotics_project/build/mujoco_ros2': CMAKE_PREFIX_PATH=${CMAKE_PREFIX_PATH}:/opt/ros/humble /usr/bin/cmake --build /home/ali/Desktop/Ali engineering/GUC/Semester 10/Robotics/Robotics_project/build/mujoco_ros2 -- -j12 -l12
[0.109s] [100%] Built target mujoco_node
[0.126s] Invoked command in '/home/ali/Desktop/Ali engineering/GUC/Semester 10/Robotics/Robotics_project/build/mujoco_ros2' returned '0': CMAKE_PREFIX_PATH=${CMAKE_PREFIX_PATH}:/opt/ros/humble /usr/bin/cmake --build /home/ali/Desktop/Ali engineering/GUC/Semester 10/Robotics/Robotics_project/build/mujoco_ros2 -- -j12 -l12
[0.143s] Invoking command in '/home/ali/Desktop/Ali engineering/GUC/Semester 10/Robotics/Robotics_project/build/mujoco_ros2': CMAKE_PREFIX_PATH=${CMAKE_PREFIX_PATH}:/opt/ros/humble /usr/bin/cmake --install /home/ali/Desktop/Ali engineering/GUC/Semester 10/Robotics/Robotics_project/build/mujoco_ros2
[0.153s] -- Install configuration: ""
[0.153s] -- Execute custom install script
[0.154s] -- Up-to-date symlink: /home/ali/Desktop/Ali engineering/GUC/Semester 10/Robotics/Robotics_project/install/mujoco_ros2/lib/mujoco_ros2/mujoco_node
[0.154s] -- Up-to-date symlink: /home/ali/Desktop/Ali engineering/GUC/Semester 10/Robotics/Robotics_project/install/mujoco_ros2/share/mujoco_ros2/launch/example.py
[0.154s] -- Up-to-date symlink: /home/ali/Desktop/Ali engineering/GUC/Semester 10/Robotics/Robotics_project/install/mujoco_ros2/share/mujoco_ros2/model/scene.xml
[0.154s] -- Up-to-date symlink: /home/ali/Desktop/Ali engineering/GUC/Semester 10/Robotics/Robotics_project/install/mujoco_ros2/share/mujoco_ros2/model/two_link_planar.xml
[0.154s] -- Up-to-date symlink: /home/ali/Desktop/Ali engineering/GUC/Semester 10/Robotics/Robotics_project/install/mujoco_ros2/share/ament_index/resource_index/package_run_dependencies/mujoco_ros2
[0.154s] -- Up-to-date symlink: /home/ali/Desktop/Ali engineering/GUC/Semester 10/Robotics/Robotics_project/install/mujoco_ros2/share/ament_index/resource_index/parent_prefix_path/mujoco_ros2
[0.154s] -- Up-to-date symlink: /home/ali/Desktop/Ali engineering/GUC/Semester 10/Robotics/Robotics_project/install/mujoco_ros2/share/mujoco_ros2/environment/ament_prefix_path.sh
[0.154s] -- Up-to-date symlink: /home/ali/Desktop/Ali engineering/GUC/Semester 10/Robotics/Robotics_project/install/mujoco_ros2/share/mujoco_ros2/environment/ament_prefix_path.dsv
[0.154s] -- Up-to-date symlink: /home/ali/Desktop/Ali engineering/GUC/Semester 10/Robotics/Robotics_project/install/mujoco_ros2/share/mujoco_ros2/environment/path.sh
[0.154s] -- Up-to-date symlink: /home/ali/Desktop/Ali engineering/GUC/Semester 10/Robotics/Robotics_project/install/mujoco_ros2/share/mujoco_ros2/environment/path.dsv
[0.154s] -- Up-to-date symlink: /home/ali/Desktop/Ali engineering/GUC/Semester 10/Robotics/Robotics_project/install/mujoco_ros2/share/mujoco_ros2/local_setup.bash
[0.154s] -- Up-to-date symlink: /home/ali/Desktop/Ali engineering/GUC/Semester 10/Robotics/Robotics_project/install/mujoco_ros2/share/mujoco_ros2/local_setup.sh
[0.155s] -- Up-to-date symlink: /home/ali/Desktop/Ali engineering/GUC/Semester 10/Robotics/Robotics_project/install/mujoco_ros2/share/mujoco_ros2/local_setup.zsh
[0.155s] -- Up-to-date symlink: /home/ali/Desktop/Ali engineering/GUC/Semester 10/Robotics/Robotics_project/install/mujoco_ros2/share/mujoco_ros2/local_setup.dsv
[0.155s] -- Symlinking: /home/ali/Desktop/Ali engineering/GUC/Semester 10/Robotics/Robotics_project/install/mujoco_ros2/share/mujoco_ros2/package.dsv
[0.160s] -- Up-to-date symlink: /home/ali/Desktop/Ali engineering/GUC/Semester 10/Robotics/Robotics_project/install/mujoco_ros2/share/ament_index/resource_index/packages/mujoco_ros2
[0.166s] -- Up-to-date symlink: /home/ali/Desktop/Ali engineering/GUC/Semester 10/Robotics/Robotics_project/install/mujoco_ros2/share/mujoco_ros2/cmake/mujoco_ros2Config.cmake
[0.166s] -- Up-to-date symlink: /home/ali/Desktop/Ali engineering/GUC/Semester 10/Robotics/Robotics_project/install/mujoco_ros2/share/mujoco_ros2/cmake/mujoco_ros2Config-version.cmake
[0.167s] -- Up-to-date symlink: /home/ali/Desktop/Ali engineering/GUC/Semester 10/Robotics/Robotics_project/install/mujoco_ros2/share/mujoco_ros2/package.xml
[0.200s] Invoked command in '/home/ali/Desktop/Ali engineering/GUC/Semester 10/Robotics/Robotics_project/build/mujoco_ros2' returned '0': CMAKE_PREFIX_PATH=${CMAKE_PREFIX_PATH}:/opt/ros/humble /usr/bin/cmake --install /home/ali/Desktop/Ali engineering/GUC/Semester 10/Robotics/Robotics_project/build/mujoco_ros2
