-- Found ament_cmake: 1.3.12 (/opt/ros/humble/share/ament_cmake/cmake)
-- Found rclcpp: 16.0.15 (/opt/ros/humble/share/rclcpp/cmake)
-- Found rosidl_generator_c: 3.1.7 (/opt/ros/humble/share/rosidl_generator_c/cmake)
-- Found rosidl_adapter: 3.1.7 (/opt/ros/humble/share/rosidl_adapter/cmake)
-- Found rosidl_generator_cpp: 3.1.7 (/opt/ros/humble/share/rosidl_generator_cpp/cmake)
-- Using all available rosidl_typesupport_c: rosidl_typesupport_fastrtps_c;rosidl_typesupport_introspection_c
-- Using all available rosidl_typesupport_cpp: rosidl_typesupport_fastrtps_cpp;rosidl_typesupport_introspection_cpp
-- Found rmw_implementation_cmake: 6.1.2 (/opt/ros/humble/share/rmw_implementation_cmake/cmake)
-- Found rmw_fastrtps_cpp: 6.2.8 (/opt/ros/humble/share/rmw_fastrtps_cpp/cmake)
-- Using RMW implementation 'rmw_fastrtps_cpp' as default
-- Found sensor_msgs: 4.9.0 (/opt/ros/humble/share/sensor_msgs/cmake)
-- Configuring done
-- Generating done
-- Build files have been written to: /home/ali/Robotics_project/build/mujoco_ros2
[ 33%] [32mBuilding CXX object CMakeFiles/mujoco_node.dir/src/nodes/mujoco_node.cpp.o[0m
[ 66%] [32mBuilding CXX object CMakeFiles/mujoco_node.dir/src/mujoco_ros.cpp.o[0m
[100%] [32m[1mLinking CXX executable mujoco_node[0m
[100%] Built target mujoco_node
-- Install configuration: ""
-- Installing: /home/ali/Robotics_project/install/mujoco_ros2/lib/mujoco_ros2/mujoco_node
-- Set runtime path of "/home/ali/Robotics_project/install/mujoco_ros2/lib/mujoco_ros2/mujoco_node" to ""
-- Installing: /home/ali/Robotics_project/install/mujoco_ros2/share/mujoco_ros2/launch
-- Installing: /home/ali/Robotics_project/install/mujoco_ros2/share/mujoco_ros2/launch/example.py
-- Installing: /home/ali/Robotics_project/install/mujoco_ros2/share/mujoco_ros2/model
-- Installing: /home/ali/Robotics_project/install/mujoco_ros2/share/mujoco_ros2/model/two_link_planar.xml
-- Installing: /home/ali/Robotics_project/install/mujoco_ros2/share/mujoco_ros2/model/scene.xml
-- Installing: /home/ali/Robotics_project/install/mujoco_ros2/share/ament_index/resource_index/package_run_dependencies/mujoco_ros2
-- Installing: /home/ali/Robotics_project/install/mujoco_ros2/share/ament_index/resource_index/parent_prefix_path/mujoco_ros2
-- Installing: /home/ali/Robotics_project/install/mujoco_ros2/share/mujoco_ros2/environment/ament_prefix_path.sh
-- Installing: /home/ali/Robotics_project/install/mujoco_ros2/share/mujoco_ros2/environment/ament_prefix_path.dsv
-- Installing: /home/ali/Robotics_project/install/mujoco_ros2/share/mujoco_ros2/environment/path.sh
-- Installing: /home/ali/Robotics_project/install/mujoco_ros2/share/mujoco_ros2/environment/path.dsv
-- Installing: /home/ali/Robotics_project/install/mujoco_ros2/share/mujoco_ros2/local_setup.bash
-- Installing: /home/ali/Robotics_project/install/mujoco_ros2/share/mujoco_ros2/local_setup.sh
-- Installing: /home/ali/Robotics_project/install/mujoco_ros2/share/mujoco_ros2/local_setup.zsh
-- Installing: /home/ali/Robotics_project/install/mujoco_ros2/share/mujoco_ros2/local_setup.dsv
-- Installing: /home/ali/Robotics_project/install/mujoco_ros2/share/mujoco_ros2/package.dsv
-- Installing: /home/ali/Robotics_project/install/mujoco_ros2/share/ament_index/resource_index/packages/mujoco_ros2
-- Installing: /home/ali/Robotics_project/install/mujoco_ros2/share/mujoco_ros2/cmake/mujoco_ros2Config.cmake
-- Installing: /home/ali/Robotics_project/install/mujoco_ros2/share/mujoco_ros2/cmake/mujoco_ros2Config-version.cmake
-- Installing: /home/ali/Robotics_project/install/mujoco_ros2/share/mujoco_ros2/package.xml
