[0.007s] Invoking command in '/home/ali/Robotics_project/build/mujoco_ros2': CMAKE_PREFIX_PATH=/opt/ros/humble /usr/bin/cmake /home/ali/Robotics_project/src/mujoco_ros2 -DCMAKE_INSTALL_PREFIX=/home/ali/Robotics_project/install/mujoco_ros2
[0.019s] -- Found ament_cmake: 1.3.12 (/opt/ros/humble/share/ament_cmake/cmake)
[0.167s] -- Found rclcpp: 16.0.15 (/opt/ros/humble/share/rclcpp/cmake)
[0.183s] -- Found rosidl_generator_c: 3.1.7 (/opt/ros/humble/share/rosidl_generator_c/cmake)
[0.184s] -- Found rosidl_adapter: 3.1.7 (/opt/ros/humble/share/rosidl_adapter/cmake)
[0.187s] -- Found rosidl_generator_cpp: 3.1.7 (/opt/ros/humble/share/rosidl_generator_cpp/cmake)
[0.192s] -- Using all available rosidl_typesupport_c: rosidl_typesupport_fastrtps_c;rosidl_typesupport_introspection_c
[0.199s] -- Using all available rosidl_typesupport_cpp: rosidl_typesupport_fastrtps_cpp;rosidl_typesupport_introspection_cpp
[0.217s] -- Found rmw_implementation_cmake: 6.1.2 (/opt/ros/humble/share/rmw_implementation_cmake/cmake)
[0.218s] -- Found rmw_fastrtps_cpp: 6.2.8 (/opt/ros/humble/share/rmw_fastrtps_cpp/cmake)
[0.286s] -- Using RMW implementation 'rmw_fastrtps_cpp' as default
[0.314s] -- Found sensor_msgs: 4.9.0 (/opt/ros/humble/share/sensor_msgs/cmake)
[0.371s] -- Configuring done
[0.377s] -- Generating done
[0.379s] -- Build files have been written to: /home/ali/Robotics_project/build/mujoco_ros2
[0.384s] Invoked command in '/home/ali/Robotics_project/build/mujoco_ros2' returned '0': CMAKE_PREFIX_PATH=/opt/ros/humble /usr/bin/cmake /home/ali/Robotics_project/src/mujoco_ros2 -DCMAKE_INSTALL_PREFIX=/home/ali/Robotics_project/install/mujoco_ros2
[0.386s] Invoking command in '/home/ali/Robotics_project/build/mujoco_ros2': CMAKE_PREFIX_PATH=/opt/ros/humble /usr/bin/cmake --build /home/ali/Robotics_project/build/mujoco_ros2 -- -j12 -l12
[0.439s] [ 33%] [32mBuilding CXX object CMakeFiles/mujoco_node.dir/src/nodes/mujoco_node.cpp.o[0m
[0.441s] [ 66%] [32mBuilding CXX object CMakeFiles/mujoco_node.dir/src/mujoco_ros.cpp.o[0m
[6.104s] [100%] [32m[1mLinking CXX executable mujoco_node[0m
[6.643s] [100%] Built target mujoco_node
[6.654s] Invoked command in '/home/ali/Robotics_project/build/mujoco_ros2' returned '0': CMAKE_PREFIX_PATH=/opt/ros/humble /usr/bin/cmake --build /home/ali/Robotics_project/build/mujoco_ros2 -- -j12 -l12
[6.672s] Invoking command in '/home/ali/Robotics_project/build/mujoco_ros2': CMAKE_PREFIX_PATH=/opt/ros/humble /usr/bin/cmake --install /home/ali/Robotics_project/build/mujoco_ros2
[6.682s] -- Install configuration: ""
[6.682s] -- Installing: /home/ali/Robotics_project/install/mujoco_ros2/lib/mujoco_ros2/mujoco_node
[6.687s] -- Set runtime path of "/home/ali/Robotics_project/install/mujoco_ros2/lib/mujoco_ros2/mujoco_node" to ""
[6.687s] -- Installing: /home/ali/Robotics_project/install/mujoco_ros2/share/mujoco_ros2/launch
[6.687s] -- Installing: /home/ali/Robotics_project/install/mujoco_ros2/share/mujoco_ros2/launch/example.py
[6.695s] -- Installing: /home/ali/Robotics_project/install/mujoco_ros2/share/mujoco_ros2/model
[6.695s] -- Installing: /home/ali/Robotics_project/install/mujoco_ros2/share/mujoco_ros2/model/two_link_planar.xml
[6.696s] -- Installing: /home/ali/Robotics_project/install/mujoco_ros2/share/mujoco_ros2/model/scene.xml
[6.696s] -- Installing: /home/ali/Robotics_project/install/mujoco_ros2/share/ament_index/resource_index/package_run_dependencies/mujoco_ros2
[6.706s] -- Installing: /home/ali/Robotics_project/install/mujoco_ros2/share/ament_index/resource_index/parent_prefix_path/mujoco_ros2
[6.707s] -- Installing: /home/ali/Robotics_project/install/mujoco_ros2/share/mujoco_ros2/environment/ament_prefix_path.sh
[6.707s] -- Installing: /home/ali/Robotics_project/install/mujoco_ros2/share/mujoco_ros2/environment/ament_prefix_path.dsv
[6.707s] -- Installing: /home/ali/Robotics_project/install/mujoco_ros2/share/mujoco_ros2/environment/path.sh
[6.708s] -- Installing: /home/ali/Robotics_project/install/mujoco_ros2/share/mujoco_ros2/environment/path.dsv
[6.708s] -- Installing: /home/ali/Robotics_project/install/mujoco_ros2/share/mujoco_ros2/local_setup.bash
[6.709s] -- Installing: /home/ali/Robotics_project/install/mujoco_ros2/share/mujoco_ros2/local_setup.sh
[6.709s] -- Installing: /home/ali/Robotics_project/install/mujoco_ros2/share/mujoco_ros2/local_setup.zsh
[6.709s] -- Installing: /home/ali/Robotics_project/install/mujoco_ros2/share/mujoco_ros2/local_setup.dsv
[6.709s] -- Installing: /home/ali/Robotics_project/install/mujoco_ros2/share/mujoco_ros2/package.dsv
[6.710s] -- Installing: /home/ali/Robotics_project/install/mujoco_ros2/share/ament_index/resource_index/packages/mujoco_ros2
[6.710s] -- Installing: /home/ali/Robotics_project/install/mujoco_ros2/share/mujoco_ros2/cmake/mujoco_ros2Config.cmake
[6.710s] -- Installing: /home/ali/Robotics_project/install/mujoco_ros2/share/mujoco_ros2/cmake/mujoco_ros2Config-version.cmake
[6.710s] -- Installing: /home/ali/Robotics_project/install/mujoco_ros2/share/mujoco_ros2/package.xml
[6.713s] Invoked command in '/home/ali/Robotics_project/build/mujoco_ros2' returned '0': CMAKE_PREFIX_PATH=/opt/ros/humble /usr/bin/cmake --install /home/ali/Robotics_project/build/mujoco_ros2
